#
# There is insufficient memory for the Java Runtime Environment to continue.
# Native memory allocation (mmap) failed to map 335544320 bytes for G1 virtual space
# Possible reasons:
#   The system is out of physical RAM or swap space
#   The process is running with CompressedOops enabled, and the Java Heap may be blocking the growth of the native heap
# Possible solutions:
#   Reduce memory load on the system
#   Increase physical memory or swap space
#   Check if swap backing store is full
#   Decrease Java heap size (-Xmx/-Xms)
#   Decrease number of Java threads
#   Decrease Java thread stack sizes (-Xss)
#   Set larger code cache with -XX:ReservedCodeCacheSize=
#   JVM is running with Zero Based Compressed Oops mode in which the Java heap is
#     placed in the first 32GB address space. The Java Heap base address is the
#     maximum limit for the native heap growth. Please use -XX:HeapBaseMinAddress
#     to set the Java Heap base and to place the Java Heap above 32GB virtual address.
# This output file may be truncated or incomplete.
#
#  Out of Memory Error (./open/src/hotspot/os/windows/os_windows.cpp:3472), pid=31700, tid=17380
#
# JRE version:  (15.0+36) (build )
# Java VM: OpenJDK 64-Bit Server VM (15+36-1562, mixed mode, sharing, tiered, compressed oops, g1 gc, windows-amd64)
# No core dump will be written. Minidumps are not enabled by default on client versions of Windows
#

---------------  S U M M A R Y ------------

Command Line: -Dcom.sun.management.jmxremote -Dcom.sun.management.jmxremote.port=54525 -Dcom.sun.management.jmxremote.authenticate=false -Dcom.sun.management.jmxremote.ssl=false -Djava.rmi.server.hostname=localhost -Dspring.jmx.enabled=true -Dspring.application.admin.enabled=true -XX:TieredStopAtLevel=1 -Dspring.boot.project.name=rest-with-spring -Dfile.encoding=UTF-8 -XX:+ShowCodeDetailsInExceptionMessages br.com.ewtm.Application --spring.output.ansi.enabled=always

Host: Intel(R) Core(TM) i5-8265U CPU @ 1.60GHz, 8 cores, 19G,  Windows 10 , 64 bit Build 18362 (10.0.18362.1350)
Time: Thu Mar 18 18:56:58 2021 Hora oficial do Brasil elapsed time: 0.010928 seconds (0d 0h 0m 0s)

---------------  T H R E A D  ---------------

Current thread (0x000002ea2baf31f0):  JavaThread "Unknown thread" [_thread_in_vm, id=17380, stack(0x000000ea9a800000,0x000000ea9a900000)]

Stack: [0x000000ea9a800000,0x000000ea9a900000]
Native frames: (J=compiled Java code, j=interpreted, Vv=VM code, C=native code)
V  [jvm.dll+0x629eaa]
V  [jvm.dll+0x780379]
V  [jvm.dll+0x781ad3]
V  [jvm.dll+0x782133]
V  [jvm.dll+0x2159d5]
V  [jvm.dll+0x627299]
V  [jvm.dll+0x61bdd5]
V  [jvm.dll+0x2cf96d]
V  [jvm.dll+0x2cf7d2]
V  [jvm.dll+0x2d57ac]
V  [jvm.dll+0x32523a]
V  [jvm.dll+0x324904]
V  [jvm.dll+0x2a68ea]
V  [jvm.dll+0x2a7a88]
V  [jvm.dll+0x75d0f1]
V  [jvm.dll+0x333af4]
V  [jvm.dll+0x73d816]
V  [jvm.dll+0x3b68e7]
V  [jvm.dll+0x3b8371]
C  [jli.dll+0x52fb]
C  [ucrtbase.dll+0x210b2]
C  [KERNEL32.DLL+0x17c24]
C  [ntdll.dll+0x6d721]


---------------  P R O C E S S  ---------------

Threads class SMR info:
_java_thread_list=0x00007ffc0a5c2fa0, length=0, elements={
}

Java Threads: ( => current thread )

Other Threads:
  0x000002ea2bb45f50 GCTaskThread "GC Thread#0" [stack: 0x000000ea9a900000,0x000000ea9aa00000] [id=23268]
  0x000002ea2bb50d80 ConcurrentGCThread "G1 Main Marker" [stack: 0x000000ea9aa00000,0x000000ea9ab00000] [id=37752]
  0x000002ea2bb51de0 ConcurrentGCThread "G1 Conc#0" [stack: 0x000000ea9ab00000,0x000000ea9ac00000] [id=16376]

[error occurred during error reporting (printing all threads), id 0xc0000005, EXCEPTION_ACCESS_VIOLATION (0xc0000005) at pc=0x00007ffc09db77b7]

VM state: not at safepoint (not fully initialized)

VM Mutex/Monitor currently owned by a thread:  ([mutex/lock_event])
[0x000002ea2baef5c0] Heap_lock - owner thread: 0x000002ea2baf31f0

Heap address: 0x00000006c1c00000, size: 5092 MB, Compressed Oops mode: Zero based, Oop shift amount: 3
CDS archive(s) mapped at: [0x0000000000000000-0x0000000000000000-0x0000000000000000), size 0, SharedBaseAddress: 0x0000000800000000, ArchiveRelocationMode: 0.
Narrow klass base: 0x0000000000000000, Narrow klass shift: 0, Narrow klass range: 0x0

Heap:
 garbage-first heap   total 327680K, used 0K [0x00000006c1c00000, 0x0000000800000000)
  region size 4096K, 0 young (0K), 0 survivors (0K)
 Metaspace       used 0K, capacity 0K, committed 0K, reserved 0K
  class space    used 0K, capacity 0K, committed 0K, reserved 0K

Heap Regions: E=young(eden), S=young(survivor), O=old, HS=humongous(starts), HC=humongous(continues), CS=collection set, F=free, OA=open archive, CA=closed archive, TAMS=top-at-mark-start (previous, next)

Card table byte_map: [0x000002ea41180000,0x000002ea41b80000] _byte_map_base: 0x000002ea3db72000

Marking Bits (Prev, Next): (CMBitMap*) 0x000002ea2bb46410, (CMBitMap*) 0x000002ea2bb46450
 Prev Bits: [0x000002ea42580000, 0x000002ea47510000)
 Next Bits: [0x000002ea47510000, 0x000002ea4c4a0000)

GC Heap History (0 events):
No events

Deoptimization events (0 events):
No events

Classes unloaded (0 events):
No events

Classes redefined (0 events):
No events

Internal exceptions (0 events):
No events

Events (1 events):
Event: 0.006 Loaded shared library C:\Users\Carlos.Zynger\Downloads\sts-4.8.1.RELEASE\plugins\org.eclipse.justj.openjdk.hotspot.jre.full.win32.x86_64_15.0.0.v20201014-1246\jre\bin\java.dll


Dynamic libraries:
0x00007ff7208a0000 - 0x00007ff7208ad000 	C:\Users\Carlos.Zynger\Downloads\sts-4.8.1.RELEASE\plugins\org.eclipse.justj.openjdk.hotspot.jre.full.win32.x86_64_15.0.0.v20201014-1246\jre\bin\javaw.exe
0x00007ffc60f40000 - 0x00007ffc61130000 	C:\Windows\SYSTEM32\ntdll.dll
0x00007ffc5ff60000 - 0x00007ffc60012000 	C:\Windows\System32\KERNEL32.DLL
0x00007ffc5ed10000 - 0x00007ffc5efb5000 	C:\Windows\System32\KERNELBASE.dll
0x00007ffc5e260000 - 0x00007ffc5e35a000 	C:\Windows\System32\ucrtbase.dll
0x00007ffc3eed0000 - 0x00007ffc3eee8000 	C:\Users\Carlos.Zynger\Downloads\sts-4.8.1.RELEASE\plugins\org.eclipse.justj.openjdk.hotspot.jre.full.win32.x86_64_15.0.0.v20201014-1246\jre\bin\jli.dll
0x00007ffc3a5f0000 - 0x00007ffc3a609000 	C:\Users\Carlos.Zynger\Downloads\sts-4.8.1.RELEASE\plugins\org.eclipse.justj.openjdk.hotspot.jre.full.win32.x86_64_15.0.0.v20201014-1246\jre\bin\VCRUNTIME140.dll
0x00007ffc60020000 - 0x00007ffc601b4000 	C:\Windows\System32\USER32.dll
0x00007ffc5e010000 - 0x00007ffc5e031000 	C:\Windows\System32\win32u.dll
0x00007ffc60770000 - 0x00007ffc60796000 	C:\Windows\System32\GDI32.dll
0x00007ffc468c0000 - 0x00007ffc46b44000 	C:\Windows\WinSxS\amd64_microsoft.windows.common-controls_6595b64144ccf1df_6.0.18362.1379_none_9e7ff3b3e45cc0c4\COMCTL32.dll
0x00007ffc5eb40000 - 0x00007ffc5ecd8000 	C:\Windows\System32\gdi32full.dll
0x00007ffc5efc0000 - 0x00007ffc5f05e000 	C:\Windows\System32\msvcrt.dll
0x00007ffc603a0000 - 0x00007ffc606d7000 	C:\Windows\System32\combase.dll
0x00007ffc5dee0000 - 0x00007ffc5df7e000 	C:\Windows\System32\msvcp_win.dll
0x00007ffc60280000 - 0x00007ffc6039f000 	C:\Windows\System32\RPCRT4.dll
0x00007ffc5df80000 - 0x00007ffc5e001000 	C:\Windows\System32\bcryptPrimitives.dll
0x00007ffc5ff30000 - 0x00007ffc5ff5e000 	C:\Windows\System32\IMM32.DLL
0x00007ffc5b890000 - 0x00007ffc5b89c000 	C:\Users\Carlos.Zynger\Downloads\sts-4.8.1.RELEASE\plugins\org.eclipse.justj.openjdk.hotspot.jre.full.win32.x86_64_15.0.0.v20201014-1246\jre\bin\vcruntime140_1.dll
0x00007ffc28da0000 - 0x00007ffc28e31000 	C:\Users\Carlos.Zynger\Downloads\sts-4.8.1.RELEASE\plugins\org.eclipse.justj.openjdk.hotspot.jre.full.win32.x86_64_15.0.0.v20201014-1246\jre\bin\msvcp140.dll
0x00007ffc09b00000 - 0x00007ffc0a65c000 	C:\Users\Carlos.Zynger\Downloads\sts-4.8.1.RELEASE\plugins\org.eclipse.justj.openjdk.hotspot.jre.full.win32.x86_64_15.0.0.v20201014-1246\jre\bin\server\jvm.dll
0x00007ffc5f130000 - 0x00007ffc5f1d3000 	C:\Windows\System32\ADVAPI32.dll
0x00007ffc60b70000 - 0x00007ffc60c07000 	C:\Windows\System32\sechost.dll
0x00007ffc60c90000 - 0x00007ffc60c98000 	C:\Windows\System32\PSAPI.DLL
0x00007ffc59c30000 - 0x00007ffc59c39000 	C:\Windows\SYSTEM32\WSOCK32.dll
0x00007ffc5b7e0000 - 0x00007ffc5b804000 	C:\Windows\SYSTEM32\WINMM.dll
0x00007ffc57690000 - 0x00007ffc5769a000 	C:\Windows\SYSTEM32\VERSION.dll
0x00007ffc607a0000 - 0x00007ffc6080f000 	C:\Windows\System32\WS2_32.dll
0x00007ffc5b7b0000 - 0x00007ffc5b7dd000 	C:\Windows\SYSTEM32\winmmbase.dll
0x00007ffc5de90000 - 0x00007ffc5deda000 	C:\Windows\System32\cfgmgr32.dll
0x00007ffc5de70000 - 0x00007ffc5de81000 	C:\Windows\System32\kernel.appcore.dll
0x00007ffc494f0000 - 0x00007ffc494fa000 	C:\Users\Carlos.Zynger\Downloads\sts-4.8.1.RELEASE\plugins\org.eclipse.justj.openjdk.hotspot.jre.full.win32.x86_64_15.0.0.v20201014-1246\jre\bin\jimage.dll
0x00007ffc5c650000 - 0x00007ffc5c844000 	C:\Windows\SYSTEM32\DBGHELP.DLL
0x00007ffc47620000 - 0x00007ffc4764a000 	C:\Windows\SYSTEM32\dbgcore.DLL
0x00007ffc3ea50000 - 0x00007ffc3ea75000 	C:\Users\Carlos.Zynger\Downloads\sts-4.8.1.RELEASE\plugins\org.eclipse.justj.openjdk.hotspot.jre.full.win32.x86_64_15.0.0.v20201014-1246\jre\bin\java.dll

dbghelp: loaded successfully - version: 4.0.5 - missing functions: none
symbol engine: initialized successfully - sym options: 0x614 - pdb path: .;C:\Users\Carlos.Zynger\Downloads\sts-4.8.1.RELEASE\plugins\org.eclipse.justj.openjdk.hotspot.jre.full.win32.x86_64_15.0.0.v20201014-1246\jre\bin;C:\Windows\SYSTEM32;C:\Windows\WinSxS\amd64_microsoft.windows.common-controls_6595b64144ccf1df_6.0.18362.1379_none_9e7ff3b3e45cc0c4;C:\Users\Carlos.Zynger\Downloads\sts-4.8.1.RELEASE\plugins\org.eclipse.justj.openjdk.hotspot.jre.full.win32.x86_64_15.0.0.v20201014-1246\jre\bin\server

VM Arguments:
jvm_args: -Dcom.sun.management.jmxremote -Dcom.sun.management.jmxremote.port=54525 -Dcom.sun.management.jmxremote.authenticate=false -Dcom.sun.management.jmxremote.ssl=false -Djava.rmi.server.hostname=localhost -Dspring.jmx.enabled=true -Dspring.application.admin.enabled=true -XX:TieredStopAtLevel=1 -Dspring.boot.project.name=rest-with-spring -Dfile.encoding=UTF-8 -XX:+ShowCodeDetailsInExceptionMessages 
java_command: br.com.ewtm.Application --spring.output.ansi.enabled=always
java_class_path (initial): C:\Users\Carlos.Zynger\Documents\workspace-spring-tool-suite-4-4.8.1.RELEASE\rest-with-spring\target\classes;C:\Users\Carlos.Zynger\.m2\repository\org\springframework\boot\spring-boot-starter-data-rest\2.1.3.RELEASE\spring-boot-starter-data-rest-2.1.3.RELEASE.jar;C:\Users\Carlos.Zynger\.m2\repository\org\springframework\boot\spring-boot-starter-web\2.1.3.RELEASE\spring-boot-starter-web-2.1.3.RELEASE.jar;C:\Users\Carlos.Zynger\.m2\repository\org\springframework\boot\spring-boot-starter-json\2.1.3.RELEASE\spring-boot-starter-json-2.1.3.RELEASE.jar;C:\Users\Carlos.Zynger\.m2\repository\com\fasterxml\jackson\datatype\jackson-datatype-jdk8\2.9.8\jackson-datatype-jdk8-2.9.8.jar;C:\Users\Carlos.Zynger\.m2\repository\com\fasterxml\jackson\datatype\jackson-datatype-jsr310\2.9.8\jackson-datatype-jsr310-2.9.8.jar;C:\Users\Carlos.Zynger\.m2\repository\com\fasterxml\jackson\module\jackson-module-parameter-names\2.9.8\jackson-module-parameter-names-2.9.8.jar;C:\Users\Carlos.Zynger\.m2\repository\org\springframework\boot\spring-boot-starter-tomcat\2.1.3.RELEASE\spring-boot-starter-tomcat-2.1.3.RELEASE.jar;C:\Users\Carlos.Zynger\.m2\repository\org\apache\tomcat\embed\tomcat-embed-core\9.0.16\tomcat-embed-core-9.0.16.jar;C:\Users\Carlos.Zynger\.m2\repository\org\apache\tomcat\embed\tomcat-embed-el\9.0.16\tomcat-embed-el-9.0.16.jar;C:\Users\Carlos.Zynger\.m2\repository\org\apache\tomcat\embed\tomcat-embed-websocket\9.0.16\tomcat-embed-websocket-9.0.16.jar;C:\Users\Carlos.Zynger\.m2\repository\org\hibernate\validator\hibernate-validator\6.0.14.Final\hibernate-validator-6.0.14.Final.jar;C:\Users\Carlos.Zynger\.m2\repository\javax\validation\validation-api\2.0.1.Final\validation-api-2.0.1.Final.jar;C:\Users\Carlos.Zynger\.m2\repository\org\springframework\data\spring-data-rest-webmvc\3.1.5.RELEASE\spring-data-rest-webmvc-3.1.5.RELEASE.jar;C:\Users\Carlos.Zynger\.m2\repository\org\springframework\data\spring-data-rest-core\3.1.5.RELEASE\spring-data-rest-core-
Launcher Type: SUN_STANDARD

[Global flags]
     intx CICompilerCount                          = 4                                         {product} {ergonomic}
     uint ConcGCThreads                            = 2                                         {product} {ergonomic}
     uint G1ConcRefinementThreads                  = 8                                         {product} {ergonomic}
   size_t G1HeapRegionSize                         = 4194304                                   {product} {ergonomic}
    uintx GCDrainStackTargetSize                   = 64                                        {product} {ergonomic}
   size_t InitialHeapSize                          = 335544320                                 {product} {ergonomic}
     bool ManagementServer                         = true                                      {product} {command line}
   size_t MarkStackSize                            = 4194304                                   {product} {ergonomic}
   size_t MaxHeapSize                              = 5339348992                                {product} {ergonomic}
   size_t MinHeapDeltaBytes                        = 4194304                                   {product} {ergonomic}
   size_t MinHeapSize                              = 8388608                                   {product} {ergonomic}
    uintx NonNMethodCodeHeapSize                   = 7549744                                {pd product} {ergonomic}
    uintx NonProfiledCodeHeapSize                  = 244108496                              {pd product} {ergonomic}
    uintx ProfiledCodeHeapSize                     = 0                                      {pd product} {ergonomic}
    uintx ReservedCodeCacheSize                    = 251658240                              {pd product} {ergonomic}
     bool SegmentedCodeCache                       = true                                      {product} {ergonomic}
     bool ShowCodeDetailsInExceptionMessages       = true                                   {manageable} {command line}
   size_t SoftMaxHeapSize                          = 5339348992                             {manageable} {ergonomic}
     intx TieredStopAtLevel                        = 1                                         {product} {command line}
     bool UseCompressedClassPointers               = true                                 {lp64_product} {ergonomic}
     bool UseCompressedOops                        = true                                 {lp64_product} {ergonomic}
     bool UseG1GC                                  = true                                      {product} {ergonomic}
     bool UseLargePagesIndividualAllocation        = false                                  {pd product} {ergonomic}

Logging:
Log output configuration:
 #0: stdout all=warning uptime,level,tags
 #1: stderr all=off uptime,level,tags

Environment Variables:
PATH=C:/Users/Carlos.Zynger/Downloads/sts-4.8.1.RELEASE//plugins/org.eclipse.justj.openjdk.hotspot.jre.full.win32.x86_64_15.0.0.v20201014-1246/jre/bin/server;C:/Users/Carlos.Zynger/Downloads/sts-4.8.1.RELEASE//plugins/org.eclipse.justj.openjdk.hotspot.jre.full.win32.x86_64_15.0.0.v20201014-1246/jre/bin;C:\Program Files\Common Files\Oracle\Java\javapath;C:\Windows\system32;C:\Windows;C:\Windows\System32\Wbem;C:\Windows\System32\WindowsPowerShell\v1.0\;C:\Windows\System32\OpenSSH\;C:\Program Files\nodejs\;C:\Users\Carlos.Zynger\AppData\Local\Programs\Git\cmd;C:\Users\Carlos.Zynger\maven\apache-maven-3.6.3\bin;C:\Users\Carlos.Zynger\AppData\Local\Programs\Python\Python39\Scripts\;C:\Users\Carlos.Zynger\AppData\Local\Programs\Python\Python39\;C:\Users\Carlos.Zynger\AppData\Local\Microsoft\WindowsApps;C:\Users\Carlos.Zynger\AppData\Roaming\npm;C:\Users\Carlos.Zynger\AppData\Local\Programs\Microsoft VS Code\bin;C:\Users\Carlos.Zynger\maven\apache-maven-3.6.3\bin;;C:\Users\Carlos.Zynger\Downloads\sts-4.8.1.RELEASE;
USERNAME=Carlos.Zynger
OS=Windows_NT
PROCESSOR_IDENTIFIER=Intel64 Family 6 Model 142 Stepping 12, GenuineIntel



---------------  S Y S T E M  ---------------

OS:
 Windows 10 , 64 bit Build 18362 (10.0.18362.1350)
OS uptime: 11 days 5:08 hours
HyperV virtualization detected

CPU: total 8 (initial active 8) (4 cores per cpu, 2 threads per core) family 6 model 142 stepping 12, cmov, cx8, fxsr, mmx, sse, sse2, sse3, ssse3, sse4.1, sse4.2, popcnt, vzeroupper, avx, avx2, aes, clmul, erms, 3dnowpref, lzcnt, ht, tsc, tscinvbit, bmi1, bmi2, adx, fma, clflush, clflushopt

Memory: 4k page, system-wide physical 20360M (3911M free)
TotalPageFile size 34667M (AvailPageFile size 254M)
current process WorkingSet (physical memory assigned to process): 10M, peak: 10M
current process commit charge ("private bytes"): 57M, peak: 377M

vm_info: OpenJDK 64-Bit Server VM (15+36-1562) for windows-amd64 JRE (15+36-1562), built on Aug 11 2020 22:33:04 by "mach5one" with unknown MS VC++:1925

END.
